14:49:14 INFO  : Registering command handlers for Vitis TCF services
14:49:14 INFO  : Launching XSCT server: xsct.bat -n  -interactive C:\Travail\s4InfoAtelier4\temp_xsdb_launch_script.tcl
14:49:16 INFO  : XSCT server has started successfully.
14:49:16 INFO  : Platform repository initialization has completed.
14:49:16 INFO  : plnx-install-location is set to ''
14:49:16 INFO  : Successfully done setting XSCT server connection channel  
14:49:16 INFO  : Successfully done query RDI_DATADIR 
14:49:16 INFO  : Successfully done setting workspace for the tool. 
14:53:29 INFO  : Result from executing command 'getProjects': atelier4_wrapper
14:53:29 INFO  : Result from executing command 'getPlatforms': 
14:53:30 WARN  : An unexpected exception occurred in the module 'platform project logging'
14:53:30 INFO  : Platform 'atelier4_wrapper' is added to custom repositories.
14:53:37 INFO  : Platform 'atelier4_wrapper' is added to custom repositories.
15:12:30 INFO  : Result from executing command 'getProjects': atelier4_wrapper
15:12:30 INFO  : Result from executing command 'getPlatforms': atelier4_wrapper|C:/Travail/s4InfoAtelier4/atelier4_wrapper/export/atelier4_wrapper/atelier4_wrapper.xpfm
15:15:01 INFO  : Checking for BSP changes to sync application flags for project 'project'...
15:15:24 INFO  : Connected to target on host '127.0.0.1' and port '3121'.
15:15:24 INFO  : 'targets -set -filter {jtag_cable_name =~ "Digilent Zybo Z7 210351A77B04A" && level==0 && jtag_device_ctx=="jsn-Zybo Z7-210351A77B04A-13722093-0"}' command is executed.
15:15:25 INFO  : Device configured successfully with "C:/Travail/s4InfoAtelier4/project/_ide/bitstream/atelier4_wrapper.bit"
15:15:53 INFO  : Connected to target on host '127.0.0.1' and port '3121'.
15:15:53 INFO  : Jtag cable 'Digilent Zybo Z7 210351A77B04A' is selected.
15:15:53 INFO  : 'jtag frequency' command is executed.
15:15:53 INFO  : Context for 'APU' is selected.
15:15:53 INFO  : System reset is completed.
15:15:56 INFO  : 'after 3000' command is executed.
15:15:56 INFO  : 'targets -set -filter {jtag_cable_name =~ "Digilent Zybo Z7 210351A77B04A" && level==0 && jtag_device_ctx=="jsn-Zybo Z7-210351A77B04A-13722093-0"}' command is executed.
15:15:57 INFO  : Device configured successfully with "C:/Travail/s4InfoAtelier4/project/_ide/bitstream/atelier4_wrapper.bit"
15:15:57 INFO  : Context for 'APU' is selected.
15:15:57 INFO  : Hardware design and registers information is loaded from 'C:/Travail/s4InfoAtelier4/atelier4_wrapper/export/atelier4_wrapper/hw/atelier4_wrapper.xsa'.
15:15:57 INFO  : 'configparams force-mem-access 1' command is executed.
15:15:57 INFO  : Context for 'APU' is selected.
15:15:57 INFO  : Sourcing of 'C:/Travail/s4InfoAtelier4/project/_ide/psinit/ps7_init.tcl' is done.
15:15:58 INFO  : 'ps7_init' command is executed.
15:15:58 INFO  : 'ps7_post_config' command is executed.
15:15:58 INFO  : Context for processor 'ps7_cortexa9_0' is selected.
15:15:58 INFO  : The application 'C:/Travail/s4InfoAtelier4/project/Debug/project.elf' is downloaded to processor 'ps7_cortexa9_0'.
15:15:58 INFO  : 'configparams force-mem-access 0' command is executed.
15:15:58 INFO  : ----------------XSDB Script----------------
connect -url tcp:127.0.0.1:3121
targets -set -nocase -filter {name =~"APU*"}
rst -system
after 3000
targets -set -filter {jtag_cable_name =~ "Digilent Zybo Z7 210351A77B04A" && level==0 && jtag_device_ctx=="jsn-Zybo Z7-210351A77B04A-13722093-0"}
fpga -file C:/Travail/s4InfoAtelier4/project/_ide/bitstream/atelier4_wrapper.bit
targets -set -nocase -filter {name =~"APU*"}
loadhw -hw C:/Travail/s4InfoAtelier4/atelier4_wrapper/export/atelier4_wrapper/hw/atelier4_wrapper.xsa -mem-ranges [list {0x40000000 0xbfffffff}] -regs
configparams force-mem-access 1
targets -set -nocase -filter {name =~"APU*"}
source C:/Travail/s4InfoAtelier4/project/_ide/psinit/ps7_init.tcl
ps7_init
ps7_post_config
targets -set -nocase -filter {name =~ "*A9*#0"}
dow C:/Travail/s4InfoAtelier4/project/Debug/project.elf
configparams force-mem-access 0
----------------End of Script----------------

15:15:58 INFO  : Context for processor 'ps7_cortexa9_0' is selected.
15:15:58 INFO  : 'con' command is executed.
15:15:58 INFO  : ----------------XSDB Script (After Launch)----------------
targets -set -nocase -filter {name =~ "*A9*#0"}
con
----------------End of Script----------------

15:15:58 INFO  : Launch script is exported to file 'C:\Travail\s4InfoAtelier4\project_system\_ide\scripts\debugger_project-default.tcl'
15:43:38 INFO  : Disconnected from the channel tcfchan#2.
15:56:10 INFO  : Hardware specification for platform project 'atelier4_wrapper' is updated.
15:56:21 INFO  : Result from executing command 'getProjects': atelier4_wrapper
15:56:21 INFO  : Result from executing command 'getPlatforms': atelier4_wrapper|C:/Travail/s4InfoAtelier4/atelier4_wrapper/export/atelier4_wrapper/atelier4_wrapper.xpfm
15:56:41 INFO  : Checking for BSP changes to sync application flags for project 'project'...
15:56:54 INFO  : The hardware specfication used by project 'project' is out of sync with the platform. Resource files extracted from the hardware specfiication will be updated.
15:56:54 INFO  : The file 'C:\Travail\s4InfoAtelier4\project\_ide\bitstream\atelier4_wrapper.bit' stored in project is removed.
15:56:54 INFO  : The updated bitstream files are copied from platform to folder 'C:\Travail\s4InfoAtelier4\project\_ide\bitstream' in project 'project'.
15:56:54 INFO  : The file 'C:\Travail\s4InfoAtelier4\project\_ide\psinit\ps7_init.tcl' stored in project is removed.
15:56:59 INFO  : The updated ps init files are copied from platform to folder 'C:\Travail\s4InfoAtelier4\project\_ide\psinit' in project 'project'.
15:57:11 INFO  : Connected to target on host '127.0.0.1' and port '3121'.
15:57:11 INFO  : 'targets -set -filter {jtag_cable_name =~ "Digilent Zybo Z7 210351A77B04A" && level==0 && jtag_device_ctx=="jsn-Zybo Z7-210351A77B04A-13722093-0"}' command is executed.
15:57:12 INFO  : Device configured successfully with "C:/Travail/s4InfoAtelier4/project/_ide/bitstream/atelier4_wrapper.bit"
15:57:28 INFO  : Connected to target on host '127.0.0.1' and port '3121'.
15:57:28 INFO  : Jtag cable 'Digilent Zybo Z7 210351A77B04A' is selected.
15:57:28 INFO  : 'jtag frequency' command is executed.
15:57:28 INFO  : Context for 'APU' is selected.
15:57:28 INFO  : System reset is completed.
15:57:31 INFO  : 'after 3000' command is executed.
15:57:31 INFO  : 'targets -set -filter {jtag_cable_name =~ "Digilent Zybo Z7 210351A77B04A" && level==0 && jtag_device_ctx=="jsn-Zybo Z7-210351A77B04A-13722093-0"}' command is executed.
15:57:32 INFO  : Device configured successfully with "C:/Travail/s4InfoAtelier4/project/_ide/bitstream/atelier4_wrapper.bit"
15:57:32 INFO  : Context for 'APU' is selected.
15:57:33 INFO  : Hardware design and registers information is loaded from 'C:/Travail/s4InfoAtelier4/atelier4_wrapper/export/atelier4_wrapper/hw/atelier4_wrapper.xsa'.
15:57:33 INFO  : 'configparams force-mem-access 1' command is executed.
15:57:33 INFO  : Context for 'APU' is selected.
15:57:33 INFO  : Sourcing of 'C:/Travail/s4InfoAtelier4/project/_ide/psinit/ps7_init.tcl' is done.
15:57:33 INFO  : 'ps7_init' command is executed.
15:57:33 INFO  : 'ps7_post_config' command is executed.
15:57:33 INFO  : Context for processor 'ps7_cortexa9_0' is selected.
15:57:33 INFO  : The application 'C:/Travail/s4InfoAtelier4/project/Debug/project.elf' is downloaded to processor 'ps7_cortexa9_0'.
15:57:33 INFO  : 'configparams force-mem-access 0' command is executed.
15:57:33 INFO  : ----------------XSDB Script----------------
connect -url tcp:127.0.0.1:3121
targets -set -nocase -filter {name =~"APU*"}
rst -system
after 3000
targets -set -filter {jtag_cable_name =~ "Digilent Zybo Z7 210351A77B04A" && level==0 && jtag_device_ctx=="jsn-Zybo Z7-210351A77B04A-13722093-0"}
fpga -file C:/Travail/s4InfoAtelier4/project/_ide/bitstream/atelier4_wrapper.bit
targets -set -nocase -filter {name =~"APU*"}
loadhw -hw C:/Travail/s4InfoAtelier4/atelier4_wrapper/export/atelier4_wrapper/hw/atelier4_wrapper.xsa -mem-ranges [list {0x40000000 0xbfffffff}] -regs
configparams force-mem-access 1
targets -set -nocase -filter {name =~"APU*"}
source C:/Travail/s4InfoAtelier4/project/_ide/psinit/ps7_init.tcl
ps7_init
ps7_post_config
targets -set -nocase -filter {name =~ "*A9*#0"}
dow C:/Travail/s4InfoAtelier4/project/Debug/project.elf
configparams force-mem-access 0
----------------End of Script----------------

15:57:34 INFO  : Context for processor 'ps7_cortexa9_0' is selected.
15:57:34 INFO  : 'con' command is executed.
15:57:34 INFO  : ----------------XSDB Script (After Launch)----------------
targets -set -nocase -filter {name =~ "*A9*#0"}
con
----------------End of Script----------------

15:57:34 INFO  : Launch script is exported to file 'C:\Travail\s4InfoAtelier4\project_system\_ide\scripts\debugger_project-default.tcl'
16:11:40 INFO  : Checking for BSP changes to sync application flags for project 'project'...
16:11:50 INFO  : Disconnected from the channel tcfchan#4.
16:11:51 INFO  : Connected to target on host '127.0.0.1' and port '3121'.
16:11:51 INFO  : Jtag cable 'Digilent Zybo Z7 210351A77B04A' is selected.
16:11:51 INFO  : 'jtag frequency' command is executed.
16:11:51 INFO  : Context for 'APU' is selected.
16:11:51 INFO  : System reset is completed.
16:11:54 INFO  : 'after 3000' command is executed.
16:11:54 INFO  : 'targets -set -filter {jtag_cable_name =~ "Digilent Zybo Z7 210351A77B04A" && level==0 && jtag_device_ctx=="jsn-Zybo Z7-210351A77B04A-13722093-0"}' command is executed.
16:11:55 INFO  : Device configured successfully with "C:/Travail/s4InfoAtelier4/project/_ide/bitstream/atelier4_wrapper.bit"
16:11:55 INFO  : Context for 'APU' is selected.
16:11:55 INFO  : Hardware design and registers information is loaded from 'C:/Travail/s4InfoAtelier4/atelier4_wrapper/export/atelier4_wrapper/hw/atelier4_wrapper.xsa'.
16:11:55 INFO  : 'configparams force-mem-access 1' command is executed.
16:11:55 INFO  : Context for 'APU' is selected.
16:11:55 INFO  : Sourcing of 'C:/Travail/s4InfoAtelier4/project/_ide/psinit/ps7_init.tcl' is done.
16:11:56 INFO  : 'ps7_init' command is executed.
16:11:56 INFO  : 'ps7_post_config' command is executed.
16:11:56 INFO  : Context for processor 'ps7_cortexa9_0' is selected.
16:11:56 INFO  : The application 'C:/Travail/s4InfoAtelier4/project/Debug/project.elf' is downloaded to processor 'ps7_cortexa9_0'.
16:11:56 INFO  : 'configparams force-mem-access 0' command is executed.
16:11:56 INFO  : ----------------XSDB Script----------------
connect -url tcp:127.0.0.1:3121
targets -set -nocase -filter {name =~"APU*"}
rst -system
after 3000
targets -set -filter {jtag_cable_name =~ "Digilent Zybo Z7 210351A77B04A" && level==0 && jtag_device_ctx=="jsn-Zybo Z7-210351A77B04A-13722093-0"}
fpga -file C:/Travail/s4InfoAtelier4/project/_ide/bitstream/atelier4_wrapper.bit
targets -set -nocase -filter {name =~"APU*"}
loadhw -hw C:/Travail/s4InfoAtelier4/atelier4_wrapper/export/atelier4_wrapper/hw/atelier4_wrapper.xsa -mem-ranges [list {0x40000000 0xbfffffff}] -regs
configparams force-mem-access 1
targets -set -nocase -filter {name =~"APU*"}
source C:/Travail/s4InfoAtelier4/project/_ide/psinit/ps7_init.tcl
ps7_init
ps7_post_config
targets -set -nocase -filter {name =~ "*A9*#0"}
dow C:/Travail/s4InfoAtelier4/project/Debug/project.elf
configparams force-mem-access 0
----------------End of Script----------------

16:11:56 INFO  : Context for processor 'ps7_cortexa9_0' is selected.
16:11:56 INFO  : 'con' command is executed.
16:11:56 INFO  : ----------------XSDB Script (After Launch)----------------
targets -set -nocase -filter {name =~ "*A9*#0"}
con
----------------End of Script----------------

16:11:56 INFO  : Launch script is exported to file 'C:\Travail\s4InfoAtelier4\project_system\_ide\scripts\debugger_project-default.tcl'
16:28:09 INFO  : Hardware specification for platform project 'atelier4_wrapper' is updated.
16:28:18 INFO  : Result from executing command 'getProjects': atelier4_wrapper
16:28:18 INFO  : Result from executing command 'getPlatforms': atelier4_wrapper|C:/Travail/s4InfoAtelier4/atelier4_wrapper/export/atelier4_wrapper/atelier4_wrapper.xpfm
16:28:29 INFO  : Checking for BSP changes to sync application flags for project 'project'...
16:29:26 INFO  : Connected to target on host '127.0.0.1' and port '3121'.
16:29:26 INFO  : 'targets -set -filter {jtag_cable_name =~ "Digilent Zybo Z7 210351A77B04A" && level==0 && jtag_device_ctx=="jsn-Zybo Z7-210351A77B04A-13722093-0"}' command is executed.
16:29:27 INFO  : Device configured successfully with "C:/Travail/s4InfoAtelier4/project/_ide/bitstream/atelier4_wrapper.bit"
16:29:51 INFO  : Disconnected from the channel tcfchan#5.
16:29:52 INFO  : The hardware specfication used by project 'project' is out of sync with the platform. Resource files extracted from the hardware specfiication will be updated.
16:29:52 INFO  : The file 'C:\Travail\s4InfoAtelier4\project\_ide\bitstream\atelier4_wrapper.bit' stored in project is removed.
16:29:52 INFO  : The updated bitstream files are copied from platform to folder 'C:\Travail\s4InfoAtelier4\project\_ide\bitstream' in project 'project'.
16:29:52 INFO  : The file 'C:\Travail\s4InfoAtelier4\project\_ide\psinit\ps7_init.tcl' stored in project is removed.
16:29:57 INFO  : The updated ps init files are copied from platform to folder 'C:\Travail\s4InfoAtelier4\project\_ide\psinit' in project 'project'.
16:29:57 INFO  : Connected to target on host '127.0.0.1' and port '3121'.
16:29:58 INFO  : Jtag cable 'Digilent Zybo Z7 210351A77B04A' is selected.
16:29:58 INFO  : 'jtag frequency' command is executed.
16:29:58 INFO  : Context for 'APU' is selected.
16:29:58 INFO  : System reset is completed.
16:30:01 INFO  : 'after 3000' command is executed.
16:30:01 INFO  : 'targets -set -filter {jtag_cable_name =~ "Digilent Zybo Z7 210351A77B04A" && level==0 && jtag_device_ctx=="jsn-Zybo Z7-210351A77B04A-13722093-0"}' command is executed.
16:30:02 INFO  : Device configured successfully with "C:/Travail/s4InfoAtelier4/project/_ide/bitstream/atelier4_wrapper.bit"
16:30:02 INFO  : Context for 'APU' is selected.
16:30:02 INFO  : Hardware design and registers information is loaded from 'C:/Travail/s4InfoAtelier4/atelier4_wrapper/export/atelier4_wrapper/hw/atelier4_wrapper.xsa'.
16:30:02 INFO  : 'configparams force-mem-access 1' command is executed.
16:30:02 INFO  : Context for 'APU' is selected.
16:30:02 INFO  : Sourcing of 'C:/Travail/s4InfoAtelier4/project/_ide/psinit/ps7_init.tcl' is done.
16:30:02 INFO  : 'ps7_init' command is executed.
16:30:02 INFO  : 'ps7_post_config' command is executed.
16:30:02 INFO  : Context for processor 'ps7_cortexa9_0' is selected.
16:30:03 INFO  : The application 'C:/Travail/s4InfoAtelier4/project/Debug/project.elf' is downloaded to processor 'ps7_cortexa9_0'.
16:30:03 INFO  : 'configparams force-mem-access 0' command is executed.
16:30:03 INFO  : ----------------XSDB Script----------------
connect -url tcp:127.0.0.1:3121
targets -set -nocase -filter {name =~"APU*"}
rst -system
after 3000
targets -set -filter {jtag_cable_name =~ "Digilent Zybo Z7 210351A77B04A" && level==0 && jtag_device_ctx=="jsn-Zybo Z7-210351A77B04A-13722093-0"}
fpga -file C:/Travail/s4InfoAtelier4/project/_ide/bitstream/atelier4_wrapper.bit
targets -set -nocase -filter {name =~"APU*"}
loadhw -hw C:/Travail/s4InfoAtelier4/atelier4_wrapper/export/atelier4_wrapper/hw/atelier4_wrapper.xsa -mem-ranges [list {0x40000000 0xbfffffff}] -regs
configparams force-mem-access 1
targets -set -nocase -filter {name =~"APU*"}
source C:/Travail/s4InfoAtelier4/project/_ide/psinit/ps7_init.tcl
ps7_init
ps7_post_config
targets -set -nocase -filter {name =~ "*A9*#0"}
dow C:/Travail/s4InfoAtelier4/project/Debug/project.elf
configparams force-mem-access 0
----------------End of Script----------------

16:30:03 INFO  : Context for processor 'ps7_cortexa9_0' is selected.
16:30:03 INFO  : 'con' command is executed.
16:30:03 INFO  : ----------------XSDB Script (After Launch)----------------
targets -set -nocase -filter {name =~ "*A9*#0"}
con
----------------End of Script----------------

16:30:03 INFO  : Launch script is exported to file 'C:\Travail\s4InfoAtelier4\project_system\_ide\scripts\debugger_project-default.tcl'
17:17:34 INFO  : Result from executing command 'getProjects': atelier4_wrapper
17:17:34 INFO  : Result from executing command 'getPlatforms': atelier4_wrapper|C:/Travail/s4InfoAtelier4/atelier4_wrapper/export/atelier4_wrapper/atelier4_wrapper.xpfm
17:17:39 INFO  : Checking for BSP changes to sync application flags for project 'project'...
17:17:46 INFO  : Disconnected from the channel tcfchan#7.
17:17:47 INFO  : Connected to target on host '127.0.0.1' and port '3121'.
17:17:47 INFO  : Jtag cable 'Digilent Zybo Z7 210351A77B04A' is selected.
17:17:47 INFO  : 'jtag frequency' command is executed.
17:17:47 INFO  : Context for 'APU' is selected.
17:17:47 INFO  : System reset is completed.
17:17:50 INFO  : 'after 3000' command is executed.
17:17:50 INFO  : 'targets -set -filter {jtag_cable_name =~ "Digilent Zybo Z7 210351A77B04A" && level==0 && jtag_device_ctx=="jsn-Zybo Z7-210351A77B04A-13722093-0"}' command is executed.
17:17:51 INFO  : Device configured successfully with "C:/Travail/s4InfoAtelier4/project/_ide/bitstream/atelier4_wrapper.bit"
17:17:51 INFO  : Context for 'APU' is selected.
17:17:51 INFO  : Hardware design and registers information is loaded from 'C:/Travail/s4InfoAtelier4/atelier4_wrapper/export/atelier4_wrapper/hw/atelier4_wrapper.xsa'.
17:17:51 INFO  : 'configparams force-mem-access 1' command is executed.
17:17:51 INFO  : Context for 'APU' is selected.
17:17:51 INFO  : Sourcing of 'C:/Travail/s4InfoAtelier4/project/_ide/psinit/ps7_init.tcl' is done.
17:17:52 INFO  : 'ps7_init' command is executed.
17:17:52 INFO  : 'ps7_post_config' command is executed.
17:17:52 INFO  : Context for processor 'ps7_cortexa9_0' is selected.
17:17:52 INFO  : The application 'C:/Travail/s4InfoAtelier4/project/Debug/project.elf' is downloaded to processor 'ps7_cortexa9_0'.
17:17:52 INFO  : 'configparams force-mem-access 0' command is executed.
17:17:52 INFO  : ----------------XSDB Script----------------
connect -url tcp:127.0.0.1:3121
targets -set -nocase -filter {name =~"APU*"}
rst -system
after 3000
targets -set -filter {jtag_cable_name =~ "Digilent Zybo Z7 210351A77B04A" && level==0 && jtag_device_ctx=="jsn-Zybo Z7-210351A77B04A-13722093-0"}
fpga -file C:/Travail/s4InfoAtelier4/project/_ide/bitstream/atelier4_wrapper.bit
targets -set -nocase -filter {name =~"APU*"}
loadhw -hw C:/Travail/s4InfoAtelier4/atelier4_wrapper/export/atelier4_wrapper/hw/atelier4_wrapper.xsa -mem-ranges [list {0x40000000 0xbfffffff}] -regs
configparams force-mem-access 1
targets -set -nocase -filter {name =~"APU*"}
source C:/Travail/s4InfoAtelier4/project/_ide/psinit/ps7_init.tcl
ps7_init
ps7_post_config
targets -set -nocase -filter {name =~ "*A9*#0"}
dow C:/Travail/s4InfoAtelier4/project/Debug/project.elf
configparams force-mem-access 0
----------------End of Script----------------

17:17:52 INFO  : Context for processor 'ps7_cortexa9_0' is selected.
17:17:52 INFO  : 'con' command is executed.
17:17:52 INFO  : ----------------XSDB Script (After Launch)----------------
targets -set -nocase -filter {name =~ "*A9*#0"}
con
----------------End of Script----------------

17:17:52 INFO  : Launch script is exported to file 'C:\Travail\s4InfoAtelier4\project_system\_ide\scripts\debugger_project-default.tcl'
17:19:02 INFO  : Hardware specification for platform project 'atelier4_wrapper' is updated.
17:19:10 INFO  : Result from executing command 'getProjects': atelier4_wrapper
17:19:10 INFO  : Result from executing command 'getPlatforms': atelier4_wrapper|C:/Travail/s4InfoAtelier4/atelier4_wrapper/export/atelier4_wrapper/atelier4_wrapper.xpfm
17:19:15 INFO  : Checking for BSP changes to sync application flags for project 'project'...
17:19:26 INFO  : The hardware specfication used by project 'project' is out of sync with the platform. Resource files extracted from the hardware specfiication will be updated.
17:19:26 INFO  : The file 'C:\Travail\s4InfoAtelier4\project\_ide\bitstream\atelier4_wrapper.bit' stored in project is removed.
17:19:26 INFO  : The updated bitstream files are copied from platform to folder 'C:\Travail\s4InfoAtelier4\project\_ide\bitstream' in project 'project'.
17:19:26 INFO  : The file 'C:\Travail\s4InfoAtelier4\project\_ide\psinit\ps7_init.tcl' stored in project is removed.
17:19:31 INFO  : The updated ps init files are copied from platform to folder 'C:\Travail\s4InfoAtelier4\project\_ide\psinit' in project 'project'.
17:19:37 INFO  : Connected to target on host '127.0.0.1' and port '3121'.
17:19:37 INFO  : 'targets -set -filter {jtag_cable_name =~ "Digilent Zybo Z7 210351A77B04A" && level==0 && jtag_device_ctx=="jsn-Zybo Z7-210351A77B04A-13722093-0"}' command is executed.
17:19:39 INFO  : Device configured successfully with "C:/Travail/s4InfoAtelier4/project/_ide/bitstream/atelier4_wrapper.bit"
17:19:48 INFO  : Disconnected from the channel tcfchan#10.
17:19:49 INFO  : Connected to target on host '127.0.0.1' and port '3121'.
17:19:50 INFO  : Jtag cable 'Digilent Zybo Z7 210351A77B04A' is selected.
17:19:50 INFO  : 'jtag frequency' command is executed.
17:19:50 INFO  : Context for 'APU' is selected.
17:19:50 INFO  : System reset is completed.
17:19:53 INFO  : 'after 3000' command is executed.
17:19:53 INFO  : 'targets -set -filter {jtag_cable_name =~ "Digilent Zybo Z7 210351A77B04A" && level==0 && jtag_device_ctx=="jsn-Zybo Z7-210351A77B04A-13722093-0"}' command is executed.
17:19:54 INFO  : Device configured successfully with "C:/Travail/s4InfoAtelier4/project/_ide/bitstream/atelier4_wrapper.bit"
17:19:54 INFO  : Context for 'APU' is selected.
17:19:54 INFO  : Hardware design and registers information is loaded from 'C:/Travail/s4InfoAtelier4/atelier4_wrapper/export/atelier4_wrapper/hw/atelier4_wrapper.xsa'.
17:19:54 INFO  : 'configparams force-mem-access 1' command is executed.
17:19:54 INFO  : Context for 'APU' is selected.
17:19:54 INFO  : Sourcing of 'C:/Travail/s4InfoAtelier4/project/_ide/psinit/ps7_init.tcl' is done.
17:19:54 INFO  : 'ps7_init' command is executed.
17:19:54 INFO  : 'ps7_post_config' command is executed.
17:19:54 INFO  : Context for processor 'ps7_cortexa9_0' is selected.
17:19:55 INFO  : The application 'C:/Travail/s4InfoAtelier4/project/Debug/project.elf' is downloaded to processor 'ps7_cortexa9_0'.
17:19:55 INFO  : 'configparams force-mem-access 0' command is executed.
17:19:55 INFO  : ----------------XSDB Script----------------
connect -url tcp:127.0.0.1:3121
targets -set -nocase -filter {name =~"APU*"}
rst -system
after 3000
targets -set -filter {jtag_cable_name =~ "Digilent Zybo Z7 210351A77B04A" && level==0 && jtag_device_ctx=="jsn-Zybo Z7-210351A77B04A-13722093-0"}
fpga -file C:/Travail/s4InfoAtelier4/project/_ide/bitstream/atelier4_wrapper.bit
targets -set -nocase -filter {name =~"APU*"}
loadhw -hw C:/Travail/s4InfoAtelier4/atelier4_wrapper/export/atelier4_wrapper/hw/atelier4_wrapper.xsa -mem-ranges [list {0x40000000 0xbfffffff}] -regs
configparams force-mem-access 1
targets -set -nocase -filter {name =~"APU*"}
source C:/Travail/s4InfoAtelier4/project/_ide/psinit/ps7_init.tcl
ps7_init
ps7_post_config
targets -set -nocase -filter {name =~ "*A9*#0"}
dow C:/Travail/s4InfoAtelier4/project/Debug/project.elf
configparams force-mem-access 0
----------------End of Script----------------

17:19:55 INFO  : Context for processor 'ps7_cortexa9_0' is selected.
17:19:55 INFO  : 'con' command is executed.
17:19:55 INFO  : ----------------XSDB Script (After Launch)----------------
targets -set -nocase -filter {name =~ "*A9*#0"}
con
----------------End of Script----------------

17:19:55 INFO  : Launch script is exported to file 'C:\Travail\s4InfoAtelier4\project_system\_ide\scripts\debugger_project-default.tcl'
17:48:04 INFO  : Checking for BSP changes to sync application flags for project 'project'...
17:48:12 INFO  : Disconnected from the channel tcfchan#12.
17:48:13 INFO  : Connected to target on host '127.0.0.1' and port '3121'.
17:48:13 INFO  : Jtag cable 'Digilent Zybo Z7 210351A77B04A' is selected.
17:48:13 INFO  : 'jtag frequency' command is executed.
17:48:13 INFO  : Context for 'APU' is selected.
17:48:13 INFO  : System reset is completed.
17:48:16 INFO  : 'after 3000' command is executed.
17:48:16 INFO  : 'targets -set -filter {jtag_cable_name =~ "Digilent Zybo Z7 210351A77B04A" && level==0 && jtag_device_ctx=="jsn-Zybo Z7-210351A77B04A-13722093-0"}' command is executed.
17:48:17 INFO  : Device configured successfully with "C:/Travail/s4InfoAtelier4/project/_ide/bitstream/atelier4_wrapper.bit"
17:48:18 INFO  : Context for 'APU' is selected.
17:48:18 INFO  : Hardware design and registers information is loaded from 'C:/Travail/s4InfoAtelier4/atelier4_wrapper/export/atelier4_wrapper/hw/atelier4_wrapper.xsa'.
17:48:18 INFO  : 'configparams force-mem-access 1' command is executed.
17:48:18 INFO  : Context for 'APU' is selected.
17:48:18 INFO  : Sourcing of 'C:/Travail/s4InfoAtelier4/project/_ide/psinit/ps7_init.tcl' is done.
17:48:18 INFO  : 'ps7_init' command is executed.
17:48:18 INFO  : 'ps7_post_config' command is executed.
17:48:18 INFO  : Context for processor 'ps7_cortexa9_0' is selected.
17:48:18 INFO  : The application 'C:/Travail/s4InfoAtelier4/project/Debug/project.elf' is downloaded to processor 'ps7_cortexa9_0'.
17:48:18 INFO  : 'configparams force-mem-access 0' command is executed.
17:48:18 INFO  : ----------------XSDB Script----------------
connect -url tcp:127.0.0.1:3121
targets -set -nocase -filter {name =~"APU*"}
rst -system
after 3000
targets -set -filter {jtag_cable_name =~ "Digilent Zybo Z7 210351A77B04A" && level==0 && jtag_device_ctx=="jsn-Zybo Z7-210351A77B04A-13722093-0"}
fpga -file C:/Travail/s4InfoAtelier4/project/_ide/bitstream/atelier4_wrapper.bit
targets -set -nocase -filter {name =~"APU*"}
loadhw -hw C:/Travail/s4InfoAtelier4/atelier4_wrapper/export/atelier4_wrapper/hw/atelier4_wrapper.xsa -mem-ranges [list {0x40000000 0xbfffffff}] -regs
configparams force-mem-access 1
targets -set -nocase -filter {name =~"APU*"}
source C:/Travail/s4InfoAtelier4/project/_ide/psinit/ps7_init.tcl
ps7_init
ps7_post_config
targets -set -nocase -filter {name =~ "*A9*#0"}
dow C:/Travail/s4InfoAtelier4/project/Debug/project.elf
configparams force-mem-access 0
----------------End of Script----------------

17:48:18 INFO  : Context for processor 'ps7_cortexa9_0' is selected.
17:48:18 INFO  : 'con' command is executed.
17:48:18 INFO  : ----------------XSDB Script (After Launch)----------------
targets -set -nocase -filter {name =~ "*A9*#0"}
con
----------------End of Script----------------

17:48:18 INFO  : Launch script is exported to file 'C:\Travail\s4InfoAtelier4\project_system\_ide\scripts\debugger_project-default.tcl'
21:16:57 INFO  : Disconnected from the channel tcfchan#13.
19:25:58 INFO  : Launching XSCT server: xsct.bat -n  -interactive C:\Travail\s4InfoAtelier4\temp_xsdb_launch_script.tcl
19:26:01 INFO  : XSCT server has started successfully.
19:26:01 INFO  : Successfully done setting XSCT server connection channel  
19:26:01 INFO  : plnx-install-location is set to ''
19:26:01 INFO  : Successfully done setting workspace for the tool. 
19:26:07 INFO  : Platform repository initialization has completed.
19:26:08 INFO  : Registering command handlers for Vitis TCF services
19:26:08 INFO  : Successfully done query RDI_DATADIR 
19:30:00 INFO  : Hardware specification for platform project 'atelier4_wrapper' is updated.
19:32:04 INFO  : Hardware specification for platform project 'atelier4_wrapper' is updated.
19:32:35 INFO  : Hardware specification for platform project 'atelier4_wrapper' is updated.
19:37:50 INFO  : Hardware specification for platform project 'atelier4_wrapper' is updated.
19:39:33 INFO  : Checking for BSP changes to sync application flags for project 'project'...
19:39:33 ERROR : Failed to openhw "C:/Travail/s4InfoAtelier4/atelier4_wrapper/export/atelier4_wrapper/hw/atelier4_wrapper.xsa"
Reason: ERROR: [Common 17-39] 'hsi::open_hw_design' failed due to earlier errors.

19:39:33 ERROR : Failed to update application flags from BSP for 'project'. Reason: null
java.lang.NullPointerException
	at com.xilinx.sdx.sw.internal.SDxSwPlatform.<init>(SDxSwPlatform.java:305)
	at com.xilinx.sdx.sw.internal.SDxSwPlatform.create(SDxSwPlatform.java:214)
	at com.xilinx.sdx.sdk.core.util.SdkPlatformHelper.getSwPlatform(SdkPlatformHelper.java:61)
	at com.xilinx.sdx.sdk.core.build.SdkMakefileGenerationListener.getSwPlatform(SdkMakefileGenerationListener.java:160)
	at com.xilinx.sdx.sdk.core.build.SdkMakefileGenerationListener.syncAppFlags(SdkMakefileGenerationListener.java:78)
	at com.xilinx.sdx.sdk.core.build.SdkMakefileGenerationListener.preMakefileGeneration(SdkMakefileGenerationListener.java:48)
	at com.xilinx.sdk.managedbuilder.XilinxGnuMakefileGenerator.notifyPreMakefileGenerationListeners(XilinxGnuMakefileGenerator.java:91)
	at com.xilinx.sdk.managedbuilder.XilinxGnuMakefileGenerator.generateMakefiles(XilinxGnuMakefileGenerator.java:40)
	at org.eclipse.cdt.managedbuilder.internal.core.CommonBuilder.performMakefileGeneration(CommonBuilder.java:1008)
	at org.eclipse.cdt.managedbuilder.internal.core.CommonBuilder.performPrebuildGeneration(CommonBuilder.java:873)
	at org.eclipse.cdt.managedbuilder.internal.core.CommonBuilder.build(CommonBuilder.java:748)
	at org.eclipse.cdt.managedbuilder.internal.core.CommonBuilder.build(CommonBuilder.java:510)
	at org.eclipse.cdt.managedbuilder.internal.core.CommonBuilder.build(CommonBuilder.java:459)
	at org.eclipse.core.internal.events.BuildManager$2.run(BuildManager.java:832)
	at org.eclipse.core.runtime.SafeRunner.run(SafeRunner.java:45)
	at org.eclipse.core.internal.events.BuildManager.basicBuild(BuildManager.java:220)
	at org.eclipse.core.internal.events.BuildManager.basicBuild(BuildManager.java:263)
	at org.eclipse.core.internal.events.BuildManager$1.run(BuildManager.java:316)
	at org.eclipse.core.runtime.SafeRunner.run(SafeRunner.java:45)
	at org.eclipse.core.internal.events.BuildManager.basicBuild(BuildManager.java:319)
	at org.eclipse.core.internal.events.BuildManager.basicBuildLoop(BuildManager.java:371)
	at org.eclipse.core.internal.events.BuildManager.build(BuildManager.java:392)
	at org.eclipse.core.internal.resources.Workspace.buildInternal(Workspace.java:515)
	at org.eclipse.core.internal.resources.Workspace.build(Workspace.java:412)
	at org.eclipse.ui.actions.BuildAction$1.runInWorkspace(BuildAction.java:291)
	at org.eclipse.core.internal.resources.InternalWorkspaceJob.run(InternalWorkspaceJob.java:42)
	at org.eclipse.core.internal.jobs.Worker.run(Worker.java:63)
19:39:34 ERROR : Failed to compute checksum of hardware specification file used by project 'project'
19:39:34 ERROR : Failed to openhw "C:/Travail/s4InfoAtelier4/atelier4_wrapper/export/atelier4_wrapper/hw/atelier4_wrapper.xsa"
Reason: ERROR: [Common 17-39] 'hsi::open_hw_design' failed due to earlier errors.

19:39:34 ERROR : Failed to openhw "C:/Travail/s4InfoAtelier4/atelier4_wrapper/export/atelier4_wrapper/hw/atelier4_wrapper.xsa"
Reason: ERROR: [Common 17-39] 'hsi::open_hw_design' failed due to earlier errors.

19:39:34 ERROR : Failed to openhw "C:/Travail/s4InfoAtelier4/atelier4_wrapper/export/atelier4_wrapper/hw/atelier4_wrapper.xsa"
Reason: ERROR: [Common 17-39] 'hsi::open_hw_design' failed due to earlier errors.

19:44:03 INFO  : Result from executing command 'getProjects': atelier4_wrapper
19:44:03 INFO  : Result from executing command 'getPlatforms': atelier4_wrapper|C:/Travail/s4InfoAtelier4/atelier4_wrapper/export/atelier4_wrapper/atelier4_wrapper.xpfm
19:44:22 INFO  : Checking for BSP changes to sync application flags for project 'project'...
19:44:24 INFO  : Updating application flags with new BSP settings...
19:44:24 INFO  : Successfully updated application flags for project project.
19:44:27 INFO  : The hardware specfication used by project 'project' is out of sync with the platform. Resource files extracted from the hardware specfiication will be updated.
19:44:27 INFO  : The file 'C:\Travail\s4InfoAtelier4\project\_ide\bitstream\atelier4_wrapper.bit' stored in project is removed.
19:44:27 INFO  : The updated bitstream files are copied from platform to folder 'C:\Travail\s4InfoAtelier4\project\_ide\bitstream' in project 'project'.
19:44:27 INFO  : The file 'C:\Travail\s4InfoAtelier4\project\_ide\psinit\ps7_init.tcl' stored in project is removed.
19:44:33 INFO  : The updated ps init files are copied from platform to folder 'C:\Travail\s4InfoAtelier4\project\_ide\psinit' in project 'project'.
19:45:40 INFO  : Checking for BSP changes to sync application flags for project 'project'...
19:48:07 INFO  : Checking for BSP changes to sync application flags for project 'project'...
19:48:35 INFO  : Checking for BSP changes to sync application flags for project 'project'...
19:48:53 INFO  : Checking for BSP changes to sync application flags for project 'project'...
19:50:00 INFO  : Result from executing command 'getProjects': atelier4_wrapper
19:50:00 INFO  : Result from executing command 'getPlatforms': atelier4_wrapper|C:/Travail/s4InfoAtelier4/atelier4_wrapper/export/atelier4_wrapper/atelier4_wrapper.xpfm
19:50:00 INFO  : Checking for BSP changes to sync application flags for project 'project'...
19:50:35 INFO  : Checking for BSP changes to sync application flags for project 'project'...
19:51:40 INFO  : Connected to target on host '127.0.0.1' and port '3121'.
19:51:41 INFO  : 'targets -set -filter {jtag_cable_name =~ "Digilent Zybo Z7 210351A78098A" && level==0 && jtag_device_ctx=="jsn-Zybo Z7-210351A78098A-13722093-0"}' command is executed.
19:51:42 INFO  : Device configured successfully with "C:/Travail/s4InfoAtelier4/project/_ide/bitstream/atelier4_wrapper.bit"
19:57:14 INFO  : Connected to target on host '127.0.0.1' and port '3121'.
19:57:14 INFO  : Jtag cable 'Digilent Zybo Z7 210351A78098A' is selected.
19:57:14 INFO  : 'jtag frequency' command is executed.
19:57:14 INFO  : Context for 'APU' is selected.
19:57:14 INFO  : System reset is completed.
19:57:17 INFO  : 'after 3000' command is executed.
19:57:17 INFO  : 'targets -set -filter {jtag_cable_name =~ "Digilent Zybo Z7 210351A78098A" && level==0 && jtag_device_ctx=="jsn-Zybo Z7-210351A78098A-13722093-0"}' command is executed.
19:57:18 INFO  : Device configured successfully with "C:/Travail/s4InfoAtelier4/project/_ide/bitstream/atelier4_wrapper.bit"
19:57:18 INFO  : Context for 'APU' is selected.
19:57:18 INFO  : Hardware design and registers information is loaded from 'C:/Travail/s4InfoAtelier4/atelier4_wrapper/export/atelier4_wrapper/hw/atelier4_wrapper.xsa'.
19:57:18 INFO  : 'configparams force-mem-access 1' command is executed.
19:57:19 INFO  : Context for 'APU' is selected.
19:57:19 INFO  : Sourcing of 'C:/Travail/s4InfoAtelier4/project/_ide/psinit/ps7_init.tcl' is done.
19:57:19 INFO  : 'ps7_init' command is executed.
19:57:19 INFO  : 'ps7_post_config' command is executed.
19:57:19 INFO  : Context for processor 'ps7_cortexa9_0' is selected.
19:57:19 INFO  : The application 'C:/Travail/s4InfoAtelier4/project/Debug/project.elf' is downloaded to processor 'ps7_cortexa9_0'.
19:57:19 INFO  : 'configparams force-mem-access 0' command is executed.
19:57:19 INFO  : ----------------XSDB Script----------------
connect -url tcp:127.0.0.1:3121
targets -set -nocase -filter {name =~"APU*"}
rst -system
after 3000
targets -set -filter {jtag_cable_name =~ "Digilent Zybo Z7 210351A78098A" && level==0 && jtag_device_ctx=="jsn-Zybo Z7-210351A78098A-13722093-0"}
fpga -file C:/Travail/s4InfoAtelier4/project/_ide/bitstream/atelier4_wrapper.bit
targets -set -nocase -filter {name =~"APU*"}
loadhw -hw C:/Travail/s4InfoAtelier4/atelier4_wrapper/export/atelier4_wrapper/hw/atelier4_wrapper.xsa -mem-ranges [list {0x40000000 0xbfffffff}] -regs
configparams force-mem-access 1
targets -set -nocase -filter {name =~"APU*"}
source C:/Travail/s4InfoAtelier4/project/_ide/psinit/ps7_init.tcl
ps7_init
ps7_post_config
targets -set -nocase -filter {name =~ "*A9*#0"}
dow C:/Travail/s4InfoAtelier4/project/Debug/project.elf
configparams force-mem-access 0
----------------End of Script----------------

19:57:19 INFO  : Context for processor 'ps7_cortexa9_0' is selected.
19:57:20 INFO  : 'con' command is executed.
19:57:20 INFO  : ----------------XSDB Script (After Launch)----------------
targets -set -nocase -filter {name =~ "*A9*#0"}
con
----------------End of Script----------------

19:57:20 INFO  : Launch script is exported to file 'C:\Travail\s4InfoAtelier4\project_system\_ide\scripts\debugger_project-default.tcl'
19:58:49 INFO  : Disconnected from the channel tcfchan#17.
20:14:31 INFO  : Launching XSCT server: xsct.bat -n  -interactive C:\Travail\s4InfoAtelier4\temp_xsdb_launch_script.tcl
20:14:34 INFO  : XSCT server has started successfully.
20:14:34 INFO  : plnx-install-location is set to ''
20:14:34 INFO  : Successfully done setting XSCT server connection channel  
20:14:34 INFO  : Successfully done setting workspace for the tool. 
20:14:38 INFO  : Platform repository initialization has completed.
20:14:38 INFO  : Registering command handlers for Vitis TCF services
20:14:38 INFO  : Successfully done query RDI_DATADIR 
20:19:06 INFO  : Hardware specification for platform project 'atelier4_wrapper' is updated.
20:19:17 INFO  : Result from executing command 'getProjects': atelier4_wrapper
20:19:17 INFO  : Result from executing command 'getPlatforms': atelier4_wrapper|C:/Travail/s4InfoAtelier4/atelier4_wrapper/export/atelier4_wrapper/atelier4_wrapper.xpfm
20:19:34 INFO  : Checking for BSP changes to sync application flags for project 'project'...
20:19:38 INFO  : The hardware specfication used by project 'project' is out of sync with the platform. Resource files extracted from the hardware specfiication will be updated.
20:19:38 INFO  : The file 'C:\Travail\s4InfoAtelier4\project\_ide\bitstream\atelier4_wrapper.bit' stored in project is removed.
20:19:38 INFO  : The updated bitstream files are copied from platform to folder 'C:\Travail\s4InfoAtelier4\project\_ide\bitstream' in project 'project'.
20:19:38 INFO  : The file 'C:\Travail\s4InfoAtelier4\project\_ide\psinit\ps7_init.tcl' stored in project is removed.
20:19:43 INFO  : The updated ps init files are copied from platform to folder 'C:\Travail\s4InfoAtelier4\project\_ide\psinit' in project 'project'.
20:20:00 INFO  : Checking for BSP changes to sync application flags for project 'project'...
20:20:34 INFO  : Connected to target on host '127.0.0.1' and port '3121'.
20:20:34 INFO  : 'targets -set -filter {jtag_cable_name =~ "Digilent Zybo Z7 210351A78098A" && level==0 && jtag_device_ctx=="jsn-Zybo Z7-210351A78098A-13722093-0"}' command is executed.
20:20:35 INFO  : Device configured successfully with "C:/Travail/s4InfoAtelier4/project/_ide/bitstream/atelier4_wrapper.bit"
20:20:46 INFO  : Connected to target on host '127.0.0.1' and port '3121'.
20:20:46 INFO  : Jtag cable 'Digilent Zybo Z7 210351A78098A' is selected.
20:20:46 INFO  : 'jtag frequency' command is executed.
20:20:46 INFO  : Context for 'APU' is selected.
20:20:46 INFO  : System reset is completed.
20:20:49 INFO  : 'after 3000' command is executed.
20:20:49 INFO  : 'targets -set -filter {jtag_cable_name =~ "Digilent Zybo Z7 210351A78098A" && level==0 && jtag_device_ctx=="jsn-Zybo Z7-210351A78098A-13722093-0"}' command is executed.
20:20:50 INFO  : Device configured successfully with "C:/Travail/s4InfoAtelier4/project/_ide/bitstream/atelier4_wrapper.bit"
20:20:50 INFO  : Context for 'APU' is selected.
20:20:51 INFO  : Hardware design and registers information is loaded from 'C:/Travail/s4InfoAtelier4/atelier4_wrapper/export/atelier4_wrapper/hw/atelier4_wrapper.xsa'.
20:20:51 INFO  : 'configparams force-mem-access 1' command is executed.
20:20:51 INFO  : Context for 'APU' is selected.
20:20:51 INFO  : Sourcing of 'C:/Travail/s4InfoAtelier4/project/_ide/psinit/ps7_init.tcl' is done.
20:20:51 INFO  : 'ps7_init' command is executed.
20:20:51 INFO  : 'ps7_post_config' command is executed.
20:20:51 INFO  : Context for processor 'ps7_cortexa9_0' is selected.
20:20:52 INFO  : The application 'C:/Travail/s4InfoAtelier4/project/Debug/project.elf' is downloaded to processor 'ps7_cortexa9_0'.
20:20:52 INFO  : 'configparams force-mem-access 0' command is executed.
20:20:52 INFO  : ----------------XSDB Script----------------
connect -url tcp:127.0.0.1:3121
targets -set -nocase -filter {name =~"APU*"}
rst -system
after 3000
targets -set -filter {jtag_cable_name =~ "Digilent Zybo Z7 210351A78098A" && level==0 && jtag_device_ctx=="jsn-Zybo Z7-210351A78098A-13722093-0"}
fpga -file C:/Travail/s4InfoAtelier4/project/_ide/bitstream/atelier4_wrapper.bit
targets -set -nocase -filter {name =~"APU*"}
loadhw -hw C:/Travail/s4InfoAtelier4/atelier4_wrapper/export/atelier4_wrapper/hw/atelier4_wrapper.xsa -mem-ranges [list {0x40000000 0xbfffffff}] -regs
configparams force-mem-access 1
targets -set -nocase -filter {name =~"APU*"}
source C:/Travail/s4InfoAtelier4/project/_ide/psinit/ps7_init.tcl
ps7_init
ps7_post_config
targets -set -nocase -filter {name =~ "*A9*#0"}
dow C:/Travail/s4InfoAtelier4/project/Debug/project.elf
configparams force-mem-access 0
----------------End of Script----------------

20:20:52 INFO  : Context for processor 'ps7_cortexa9_0' is selected.
20:20:52 INFO  : 'con' command is executed.
20:20:52 INFO  : ----------------XSDB Script (After Launch)----------------
targets -set -nocase -filter {name =~ "*A9*#0"}
con
----------------End of Script----------------

20:20:52 INFO  : Launch script is exported to file 'C:\Travail\s4InfoAtelier4\project_system\_ide\scripts\debugger_project-default.tcl'
20:26:51 INFO  : Disconnected from the channel tcfchan#3.
21:51:13 INFO  : Launching XSCT server: xsct.bat -n  -interactive C:\Travail\s4InfoAtelier4\temp_xsdb_launch_script.tcl
21:51:16 INFO  : XSCT server has started successfully.
21:51:16 INFO  : Successfully done setting XSCT server connection channel  
21:51:16 INFO  : plnx-install-location is set to ''
21:51:16 INFO  : Successfully done setting workspace for the tool. 
21:51:20 INFO  : Platform repository initialization has completed.
21:51:20 INFO  : Registering command handlers for Vitis TCF services
21:51:20 INFO  : Successfully done query RDI_DATADIR 
23:00:16 INFO  : Launching XSCT server: xsct.bat -n  -interactive C:\Travail\s4InfoAtelier4\temp_xsdb_launch_script.tcl
23:00:21 INFO  : XSCT server has started successfully.
23:00:21 INFO  : plnx-install-location is set to ''
23:00:21 INFO  : Successfully done setting XSCT server connection channel  
23:00:21 INFO  : Successfully done setting workspace for the tool. 
23:00:25 INFO  : Platform repository initialization has completed.
23:00:25 INFO  : Registering command handlers for Vitis TCF services
23:00:26 INFO  : Successfully done query RDI_DATADIR 
23:09:19 INFO  : Launching XSCT server: xsct.bat -n  -interactive C:\Travail\s4InfoAtelier4_good\temp_xsdb_launch_script.tcl
23:09:22 INFO  : XSCT server has started successfully.
23:09:22 INFO  : plnx-install-location is set to ''
23:09:22 INFO  : Successfully done setting XSCT server connection channel  
23:09:22 INFO  : Successfully done setting workspace for the tool. 
23:09:25 INFO  : Platform repository initialization has completed.
23:09:26 INFO  : Successfully done query RDI_DATADIR 
23:09:26 INFO  : Registering command handlers for Vitis TCF services
